  Crashing.cpp
  C:\Program Files (x86)\Microsoft DirectX SDK (June 2010)\include\dinput.h: DIRECTINPUT_VERSION undefined. Defaulting to version 0x0800
E:\TARC\programming\Assignment\Assignment\Crashing.cpp(11,119): warning C4244: 'argument': conversion from 'int' to 'FLOAT', possible loss of data
E:\TARC\programming\Assignment\Assignment\Crashing.cpp(11,68): warning C4244: 'argument': conversion from 'int' to 'FLOAT', possible loss of data
E:\TARC\programming\Assignment\Assignment\Crashing.cpp(20,121): warning C4244: 'argument': conversion from 'int' to 'FLOAT', possible loss of data
E:\TARC\programming\Assignment\Assignment\Crashing.cpp(20,71): warning C4244: 'argument': conversion from 'int' to 'FLOAT', possible loss of data
E:\TARC\programming\Assignment\Assignment\Crashing.cpp(81,64): warning C4305: '-=': truncation from 'double' to 'float'
E:\TARC\programming\Assignment\Assignment\Crashing.cpp(84,64): warning C4305: '+=': truncation from 'double' to 'float'
E:\TARC\programming\Assignment\Assignment\Crashing.cpp(181,56): warning C4244: 'argument': conversion from 'double' to 'FLOAT', possible loss of data
E:\TARC\programming\Assignment\Assignment\Crashing.cpp(243,59): warning C4244: '=': conversion from 'int' to 'FLOAT', possible loss of data
E:\TARC\programming\Assignment\Assignment\Crashing.cpp(251,60): warning C4244: '=': conversion from 'int' to 'FLOAT', possible loss of data
  MainMenu.cpp
  C:\Program Files (x86)\Microsoft DirectX SDK (June 2010)\include\dinput.h: DIRECTINPUT_VERSION undefined. Defaulting to version 0x0800
E:\TARC\programming\Assignment\Assignment\Level.h(55,21): warning C4305: 'initializing': truncation from 'double' to 'float'
E:\TARC\programming\Assignment\Assignment\MainMenu.cpp(57,41): warning C4244: 'argument': conversion from 'int' to 'FLOAT', possible loss of data
E:\TARC\programming\Assignment\Assignment\MainMenu.cpp(59,141): warning C4244: 'argument': conversion from 'int' to 'FLOAT', possible loss of data
E:\TARC\programming\Assignment\Assignment\MainMenu.cpp(59,123): warning C4244: 'argument': conversion from 'int' to 'FLOAT', possible loss of data
E:\TARC\programming\Assignment\Assignment\MainMenu.cpp(293,63): warning C4244: '=': conversion from 'int' to 'FLOAT', possible loss of data
E:\TARC\programming\Assignment\Assignment\MainMenu.cpp(302,92): warning C4244: '=': conversion from 'LONG' to 'FLOAT', possible loss of data
E:\TARC\programming\Assignment\Assignment\MainMenu.cpp(312,86): warning C4244: '=': conversion from 'LONG' to 'FLOAT', possible loss of data
E:\TARC\programming\Assignment\Assignment\MainMenu.cpp(322,91): warning C4244: '=': conversion from 'LONG' to 'FLOAT', possible loss of data
E:\TARC\programming\Assignment\Assignment\MainMenu.cpp(331,86): warning C4244: '=': conversion from 'LONG' to 'FLOAT', possible loss of data
E:\TARC\programming\Assignment\Assignment\MainMenu.cpp(341,87): warning C4244: '=': conversion from 'LONG' to 'FLOAT', possible loss of data
E:\TARC\programming\Assignment\Assignment\MainMenu.cpp(350,75): warning C4244: 'argument': conversion from 'int' to 'FLOAT', possible loss of data
  Generating Code...
  Assignment.vcxproj -> E:\TARC\programming\Assignment\Debug\Assignment.exe
