e:\tarc\programming\assignment\assignment\debug\vc143.pdb
e:\tarc\programming\assignment\assignment\debug\vc143.idb
e:\tarc\programming\assignment\assignment\debug\sprite.obj
e:\tarc\programming\assignment\assignment\debug\audiomanager.obj
e:\tarc\programming\assignment\assignment\debug\shell.obj
e:\tarc\programming\assignment\assignment\debug\pause.obj
e:\tarc\programming\assignment\assignment\debug\map.obj
e:\tarc\programming\assignment\assignment\debug\mainmenu.obj
e:\tarc\programming\assignment\assignment\debug\main.obj
e:\tarc\programming\assignment\assignment\debug\line.obj
e:\tarc\programming\assignment\assignment\debug\lever.obj
e:\tarc\programming\assignment\assignment\debug\level.obj
e:\tarc\programming\assignment\assignment\debug\keystatus.obj
e:\tarc\programming\assignment\assignment\debug\gameover.obj
e:\tarc\programming\assignment\assignment\debug\gamemanager.obj
e:\tarc\programming\assignment\assignment\debug\game.obj
e:\tarc\programming\assignment\assignment\debug\flyingobject.obj
e:\tarc\programming\assignment\assignment\debug\directxmanager.obj
e:\tarc\programming\assignment\assignment\debug\crashing.obj
e:\tarc\programming\assignment\assignment\debug\character.obj
e:\tarc\programming\assignment\assignment\debug\cell.obj
e:\tarc\programming\assignment\assignment\debug\audio.obj
e:\tarc\programming\assignment\assignment\debug\windowmanager.obj
e:\tarc\programming\assignment\assignment\debug\victory.obj
e:\tarc\programming\assignment\assignment\debug\trap.obj
e:\tarc\programming\assignment\assignment\debug\transformationmatrix.obj
e:\tarc\programming\assignment\assignment\debug\frametimer.obj
e:\tarc\programming\assignment\assignment\debug\texture.obj
e:\tarc\programming\assignment\assignment\debug\text.obj
e:\tarc\programming\assignment\assignment\debug\stufftobedrawn.obj
e:\tarc\programming\assignment\assignment\debug\panel.obj
e:\tarc\programming\assignment\assignment\debug\button.obj
e:\tarc\programming\assignment\debug\assignment.exe
e:\tarc\programming\assignment\assignment\debug\assignment.ilk
e:\tarc\programming\assignment\debug\assignment.pdb
e:\tarc\programming\assignment\assignment\debug\assignment.tlog\cl.command.1.tlog
e:\tarc\programming\assignment\assignment\debug\assignment.tlog\cl.read.1.tlog
e:\tarc\programming\assignment\assignment\debug\assignment.tlog\cl.write.1.tlog
e:\tarc\programming\assignment\assignment\debug\assignment.tlog\link.command.1.tlog
e:\tarc\programming\assignment\assignment\debug\assignment.tlog\link.read.1.tlog
e:\tarc\programming\assignment\assignment\debug\assignment.tlog\link.write.1.tlog
